::1 - - [11/Jun/2025:08:30:22 +0000] "GET /accounts HTTP/1.1" 200 463 "-" "PostmanRuntime/7.44.0"
::1 - - [11/Jun/2025:09:19:24 +0000] "POST /accounts HTTP/1.1" 201 197 "-" "PostmanRuntime/7.44.0"
::1 - - [11/Jun/2025:09:19:36 +0000] "POST /accounts HTTP/1.1" 400 - "-" "PostmanRuntime/7.44.0"
::1 - - [11/Jun/2025:09:19:50 +0000] "POST /accounts HTTP/1.1" 400 - "-" "PostmanRuntime/7.44.0"
::1 - - [11/Jun/2025:09:20:08 +0000] "POST /accounts HTTP/1.1" 500 - "-" "PostmanRuntime/7.44.0"
::1 - - [11/Jun/2025:09:20:17 +0000] "POST /accounts HTTP/1.1" 400 - "-" "PostmanRuntime/7.44.0"
::1 - - [11/Jun/2025:09:20:44 +0000] "POST /accounts HTTP/1.1" 409 - "-" "PostmanRuntime/7.44.0"
::1 - - [11/Jun/2025:09:21:17 +0000] "GET /accounts HTTP/1.1" 200 694 "-" "PostmanRuntime/7.44.0"
::1 - - [11/Jun/2025:09:27:20 +0000] "GET /accounts HTTP/1.1" 200 694 "-" "PostmanRuntime/7.44.0"
::1 - - [11/Jun/2025:09:52:13 +0000] "PUT /accounts HTTP/1.1" 500 - "-" "PostmanRuntime/7.44.0"
::1 - - [11/Jun/2025:09:53:47 +0000] "PUT /accounts HTTP/1.1" 500 - "-" "PostmanRuntime/7.44.0"
::1 - - [11/Jun/2025:09:54:29 +0000] "PUT /accounts HTTP/1.1" 500 - "-" "PostmanRuntime/7.44.0"
::1 - - [11/Jun/2025:09:55:24 +0000] "PUT /accounts HTTP/1.1" 500 - "-" "PostmanRuntime/7.44.0"
::1 - - [11/Jun/2025:09:56:04 +0000] "PUT /accounts HTTP/1.1" 500 - "-" "PostmanRuntime/7.44.0"
::1 - - [11/Jun/2025:09:57:19 +0000] "PUT /accounts HTTP/1.1" 500 - "-" "PostmanRuntime/7.44.0"
::1 - - [11/Jun/2025:09:58:22 +0000] "PUT /accounts HTTP/1.1" 500 - "-" "PostmanRuntime/7.44.0"
::1 - - [11/Jun/2025:09:59:17 +0000] "PUT /accounts HTTP/1.1" 500 - "-" "PostmanRuntime/7.44.0"
::1 - - [11/Jun/2025:10:03:20 +0000] "PUT /accounts HTTP/1.1" 404 - "-" "PostmanRuntime/7.44.0"
::1 - - [11/Jun/2025:10:04:06 +0000] "PUT /accounts HTTP/1.1" 200 230 "-" "PostmanRuntime/7.44.0"
::1 - - [11/Jun/2025:10:06:05 +0000] "PUT /accounts HTTP/1.1" 200 231 "-" "PostmanRuntime/7.44.0"
::1 - - [11/Jun/2025:10:11:22 +0000] "GET /accounts/account?id=112233445 HTTP/1.1" - - "-" "PostmanRuntime/7.44.0"
::1 - - [11/Jun/2025:10:11:36 +0000] "GET /accounts/account?id=112233445 HTTP/1.1" 200 231 "-" "PostmanRuntime/7.44.0"
::1 - - [11/Jun/2025:10:12:01 +0000] "GET /accounts HTTP/1.1" 200 695 "-" "PostmanRuntime/7.44.0"
::1 - - [11/Jun/2025:10:23:55 +0000] "PATCH /accounts/account?id=112233445 HTTP/1.1" 500 - "-" "PostmanRuntime/7.44.0"
::1 - - [11/Jun/2025:10:26:04 +0000] "PATCH /accounts/account?id=112233445 HTTP/1.1" 400 - "-" "PostmanRuntime/7.44.0"
::1 - - [11/Jun/2025:10:27:01 +0000] "PATCH /accounts/account?id=112233445 HTTP/1.1" - - "-" "PostmanRuntime/7.44.0"
::1 - - [11/Jun/2025:10:27:48 +0000] "PATCH /accounts/account?id=112233445 HTTP/1.1" 200 - "-" "PostmanRuntime/7.44.0"
::1 - - [11/Jun/2025:10:41:18 +0000] "DELETE /accounts/account?id=112233445 HTTP/1.1" 500 - "-" "PostmanRuntime/7.44.0"
::1 - - [11/Jun/2025:10:43:52 +0000] "DELETE /accounts/account?id=112233445 HTTP/1.1" 404 - "-" "PostmanRuntime/7.44.0"
::1 - - [11/Jun/2025:10:44:05 +0000] "GET /accounts HTTP/1.1" 200 464 "-" "PostmanRuntime/7.44.0"
::1 - - [11/Jun/2025:10:45:17 +0000] "POST /accounts HTTP/1.1" 201 197 "-" "PostmanRuntime/7.44.0"
::1 - - [11/Jun/2025:10:45:22 +0000] "GET /accounts HTTP/1.1" 200 695 "-" "PostmanRuntime/7.44.0"
::1 - - [11/Jun/2025:10:45:41 +0000] "DELETE /accounts/account?id=112233445 HTTP/1.1" 500 - "-" "PostmanRuntime/7.44.0"
::1 - - [11/Jun/2025:10:46:24 +0000] "DELETE /accounts/account?id=112233445 HTTP/1.1" 404 - "-" "PostmanRuntime/7.44.0"
::1 - - [11/Jun/2025:10:47:29 +0000] "DELETE /accounts/account?id=112233445 HTTP/1.1" 404 - "-" "PostmanRuntime/7.44.0"
::1 - - [11/Jun/2025:10:49:52 +0000] "DELETE /accounts/account?id=112233445 HTTP/1.1" 404 - "-" "PostmanRuntime/7.44.0"
::1 - - [11/Jun/2025:10:50:53 +0000] "GET /accounts HTTP/1.1" 200 464 "-" "PostmanRuntime/7.44.0"
::1 - - [11/Jun/2025:10:52:27 +0000] "POST /accounts HTTP/1.1" 201 197 "-" "PostmanRuntime/7.44.0"
::1 - - [11/Jun/2025:10:52:32 +0000] "GET /accounts HTTP/1.1" 200 695 "-" "PostmanRuntime/7.44.0"
::1 - - [11/Jun/2025:10:54:45 +0000] "DELETE /accounts/account?id=112233445 HTTP/1.1" 200 139 "-" "PostmanRuntime/7.44.0"
::1 - - [15/Jun/2025:10:49:22 +0000] "POST /accounts HTTP/1.1" 409 - "-" "PostmanRuntime/7.44.0"
::1 - - [15/Jun/2025:10:50:59 +0000] "POST /accounts HTTP/1.1" 201 198 "-" "PostmanRuntime/7.44.0"
::1 - - [15/Jun/2025:10:52:32 +0000] "PATCH /accounts/role?id=1000020&newRole=manager HTTP/1.1" 404 - "-" "PostmanRuntime/7.44.0"
::1 - - [15/Jun/2025:10:52:42 +0000] "PATCH /accounts/role?id=10000020&newRole=manager HTTP/1.1" 404 - "-" "PostmanRuntime/7.44.0"
::1 - - [15/Jun/2025:10:53:14 +0000] "GET /accounts HTTP/1.1" 200 1157 "-" "PostmanRuntime/7.44.0"
::1 - - [15/Jun/2025:10:53:39 +0000] "PATCH /accounts/role?id=100000020&newRole=manager HTTP/1.1" 200 228 "-" "PostmanRuntime/7.44.0"
::1 - - [15/Jun/2025:10:56:20 +0000] "GET /accounts HTTP/1.1" 200 1154 "-" "PostmanRuntime/7.44.0"
::1 - - [15/Jun/2025:11:03:32 +0000] "DELETE /accounts/account?id=200000020 HTTP/1.1" 404 - "-" "PostmanRuntime/7.44.0"
::1 - - [15/Jun/2025:11:03:40 +0000] "DELETE /accounts/account?id=100000020 HTTP/1.1" 200 140 "-" "PostmanRuntime/7.44.0"
::1 - - [15/Jun/2025:11:04:25 +0000] "POST /accounts HTTP/1.1" 201 194 "-" "PostmanRuntime/7.44.0"
::1 - - [15/Jun/2025:11:04:38 +0000] "PATCH /accounts/role?id=100000030&newRole=manager HTTP/1.1" 500 - "-" "PostmanRuntime/7.44.0"
::1 - - [15/Jun/2025:11:06:10 +0000] "GET /accounts HTTP/1.1" 200 1153 "-" "PostmanRuntime/7.44.0"
::1 - - [15/Jun/2025:11:06:37 +0000] "PATCH /accounts/role?id=100000030&newRole=manager HTTP/1.1" 200 224 "-" "PostmanRuntime/7.44.0"
::1 - - [15/Jun/2025:11:07:49 +0000] "PATCH /accounts/role?id=100000030&newRole=manager HTTP/1.1" 200 224 "-" "PostmanRuntime/7.44.0"
::1 - - [15/Jun/2025:11:08:10 +0000] "PATCH /accounts/role?id=100000030&newRole=crew HTTP/1.1" 200 224 "-" "PostmanRuntime/7.44.0"
::1 - - [15/Jun/2025:11:12:30 +0000] "PATCH /accounts/role?id=100000030&newRole=crew HTTP/1.1" 200 231 "-" "PostmanRuntime/7.44.0"
::1 - - [15/Jun/2025:11:12:44 +0000] "PATCH /accounts/role?id=100000030&newRole=manager HTTP/1.1" 200 241 "-" "PostmanRuntime/7.44.0"
::1 - - [18/Jun/2025:17:21:53 +0000] "GET /accounts HTTP/1.1" 200 1167 "-" "PostmanRuntime/7.44.0"
::1 - - [22/Jun/2025:07:13:19 +0000] "GET /accounts HTTP/1.1" 401 - "-" "PostmanRuntime/7.44.1"
::1 - - [22/Jun/2025:07:14:08 +0000] "GET /accounts HTTP/1.1" 401 - "-" "PostmanRuntime/7.44.1"
::1 - Robin Good [22/Jun/2025:07:15:18 +0000] "GET /accounts HTTP/1.1" 401 - "-" "PostmanRuntime/7.44.1"
::1 - owner [22/Jun/2025:07:17:03 +0000] "PATCH /accounts/account?id=100000010 HTTP/1.1" 403 - "-" "PostmanRuntime/7.44.1"
::1 - owner [22/Jun/2025:07:19:56 +0000] "PATCH /accounts/account?id=100000010 HTTP/1.1" 403 - "-" "PostmanRuntime/7.44.1"
::1 - Robin Good [22/Jun/2025:07:21:20 +0000] "GET /accounts HTTP/1.1" 401 - "-" "PostmanRuntime/7.44.1"
::1 - 100000030 [22/Jun/2025:07:27:01 +0000] "GET /accounts HTTP/1.1" 401 - "-" "PostmanRuntime/7.44.1"
::1 - owner [22/Jun/2025:07:30:59 +0000] "GET /accounts HTTP/1.1" 403 - "-" "PostmanRuntime/7.44.1"
::1 - owner [22/Jun/2025:07:33:57 +0000] "GET /accounts HTTP/1.1" 403 - "-" "PostmanRuntime/7.44.1"
::1 - owner [22/Jun/2025:07:34:49 +0000] "GET /accounts HTTP/1.1" 200 1172 "-" "PostmanRuntime/7.44.1"
::1 - 100000030 [22/Jun/2025:07:36:22 +0000] "GET /accounts HTTP/1.1" 401 - "-" "PostmanRuntime/7.44.1"
::1 - owner [22/Jun/2025:07:39:06 +0000] "PATCH /accounts/account?id=100000030 HTTP/1.1" 200 - "-" "PostmanRuntime/7.44.1"
::1 - 100000030 [22/Jun/2025:07:39:24 +0000] "GET /accounts HTTP/1.1" 401 - "-" "PostmanRuntime/7.44.1"
::1 - 100000030 [22/Jun/2025:07:40:58 +0000] "GET /accounts HTTP/1.1" 401 - "-" "PostmanRuntime/7.44.1"
::1 - 100000030 [22/Jun/2025:07:41:48 +0000] "GET /accounts HTTP/1.1" 401 - "-" "PostmanRuntime/7.44.1"
::1 - 100000030 [22/Jun/2025:07:44:35 +0000] "GET /accounts HTTP/1.1" 200 1172 "-" "PostmanRuntime/7.44.1"
::1 - 100000010 [22/Jun/2025:07:44:58 +0000] "GET /accounts HTTP/1.1" 401 - "-" "PostmanRuntime/7.44.1"
::1 - 100000010 [22/Jun/2025:07:45:06 +0000] "GET /accounts HTTP/1.1" 403 - "-" "PostmanRuntime/7.44.1"
::1 - - [22/Jun/2025:07:46:09 +0000] "PATCH /accounts/role?id=100000010&newRole=hr HTTP/1.1" 401 - "-" "PostmanRuntime/7.44.1"
::1 - owner [22/Jun/2025:07:46:39 +0000] "PATCH /accounts/role?id=100000010&newRole=hr HTTP/1.1" 200 234 "-" "PostmanRuntime/7.44.1"
::1 - 100000010 [22/Jun/2025:07:46:49 +0000] "GET /accounts HTTP/1.1" 200 1177 "-" "PostmanRuntime/7.44.1"
::1 - - [22/Jun/2025:07:47:32 +0000] "POST /accounts HTTP/1.1" 401 - "-" "PostmanRuntime/7.44.1"
::1 - 100000010 [22/Jun/2025:07:47:50 +0000] "POST /accounts HTTP/1.1" 401 - "-" "PostmanRuntime/7.44.1"
::1 - 100000010 [22/Jun/2025:07:47:54 +0000] "POST /accounts HTTP/1.1" 201 198 "-" "PostmanRuntime/7.44.1"
::1 - 100000010 [22/Jun/2025:07:49:14 +0000] "POST /accounts/login HTTP/1.1" 500 - "-" "PostmanRuntime/7.44.1"
::1 - - [22/Jun/2025:07:56:24 +0000] "POST /accounts/login HTTP/1.1" 500 - "-" "PostmanRuntime/7.44.1"
::1 - - [22/Jun/2025:07:58:02 +0000] "POST /accounts/login HTTP/1.1" 200 0 "-" "PostmanRuntime/7.44.1"
::1 - - [22/Jun/2025:07:58:46 +0000] "POST /accounts/login HTTP/1.1" 200 189 "-" "PostmanRuntime/7.44.1"
::1 - - [22/Jun/2025:07:59:42 +0000] "GET /accounts HTTP/1.1" 200 1409 "-" "PostmanRuntime/7.44.1"
::1 - - [22/Jun/2025:08:00:52 +0000] "PUT /accounts HTTP/1.1" 401 - "-" "PostmanRuntime/7.44.1"
::1 - - [22/Jun/2025:08:03:30 +0000] "PUT /accounts HTTP/1.1" 401 - "-" "PostmanRuntime/7.44.1"
::1 - - [22/Jun/2025:08:04:37 +0000] "POST /accounts/login HTTP/1.1" 200 189 "-" "PostmanRuntime/7.44.1"
::1 - - [22/Jun/2025:08:04:52 +0000] "GET /accounts HTTP/1.1" 200 1409 "-" "PostmanRuntime/7.44.1"
::1 - - [22/Jun/2025:08:04:59 +0000] "PUT /accounts HTTP/1.1" 404 - "-" "PostmanRuntime/7.44.1"
::1 - - [22/Jun/2025:08:05:27 +0000] "PUT /accounts HTTP/1.1" 200 235 "-" "PostmanRuntime/7.44.1"
